[PublicFreakout] all hosts failed: HTTP 403 from https://www.reddit.com
[SweatyPalms] all hosts failed: HTTP 403 from https://www.reddit.com
[NatureIsFuckingLit] all hosts failed: HTTP 403 from https://www.reddit.com
[BeAmazed] all hosts failed: HTTP 403 from https://www.reddit.com
[Damnthatsinteresting] all hosts failed: HTTP 403 from https://www.reddit.com
[interestingasfuck] all hosts failed: HTTP 403 from https://www.reddit.com
[IdiotsInCars] all hosts failed: HTTP 403 from https://www.reddit.com
[Unexpected] all hosts failed: HTTP 403 from https://www.reddit.com
[instant_regret] all hosts failed: HTTP 403 from https://www.reddit.com
[instantkarma] all hosts failed: HTTP 403 from https://www.reddit.com
[MadeMeSmile] all hosts failed: HTTP 403 from https://www.reddit.com
[nextfuckinglevel] all hosts failed: HTTP 403 from https://www.reddit.com
[HumansBeingBros] all hosts failed: HTTP 403 from https://www.reddit.com
[facepalm] all hosts failed: HTTP 403 from https://www.reddit.com
[WTF] all hosts failed: HTTP 403 from https://www.reddit.com
[wikipedia/onthisday] HTTPError: HTTP Error 504: Gateway Timeout
[youtube/refresh] using client_id=808431681548-6isg95s8qoi... secret_len=35 refresh_prefix=1//04rYsva... refresh_len=103
[youtube/refresh] HTTP 400: {
  "error": "invalid_grant",
  "error_description": "Token has been expired or revoked."
}
[youtube/trending] no access token (refresh failed)
